c:\users\tom portegys\downloads\wormsim\model\release\vc140.pdb
c:\users\tom portegys\downloads\wormsim\model\release\sundials_spgmr.obj
c:\users\tom portegys\downloads\wormsim\model\release\sundials_spbcgs.obj
c:\users\tom portegys\downloads\wormsim\model\release\sundials_smalldense.obj
c:\users\tom portegys\downloads\wormsim\model\release\sundials_nvector.obj
c:\users\tom portegys\downloads\wormsim\model\release\sundials_math.obj
c:\users\tom portegys\downloads\wormsim\model\release\sundials_iterative.obj
c:\users\tom portegys\downloads\wormsim\model\release\sundials_dense.obj
c:\users\tom portegys\downloads\wormsim\model\release\sundials_band.obj
c:\users\tom portegys\downloads\wormsim\model\release\nvector_serial.obj
c:\users\tom portegys\downloads\wormsim\model\release\fnvector_serial.obj
c:\users\tom portegys\downloads\wormsim\model\release\ida_sptfqmr.obj
c:\users\tom portegys\downloads\wormsim\model\release\ida_spils.obj
c:\users\tom portegys\downloads\wormsim\model\release\ida_spgmr.obj
c:\users\tom portegys\downloads\wormsim\model\release\ida_spbcgs.obj
c:\users\tom portegys\downloads\wormsim\model\release\ida_io.obj
c:\users\tom portegys\downloads\wormsim\model\release\ida_ic.obj
c:\users\tom portegys\downloads\wormsim\model\release\ida_dense.obj
c:\users\tom portegys\downloads\wormsim\model\release\ida_bbdpre.obj
c:\users\tom portegys\downloads\wormsim\model\release\ida_band.obj
c:\users\tom portegys\downloads\wormsim\model\release\ida.obj
c:\users\tom portegys\downloads\wormsim\model\release\sundials_sptfqmr.obj
c:\users\tom portegys\downloads\wormsim\model\release\wormsim.obj
c:\users\tom portegys\downloads\wormsim\model\release\main.obj
c:\users\tom portegys\downloads\wormsim\model\release\gettime.obj
c:\users\tom portegys\downloads\wormsim\model\release\worm.exe
c:\users\tom portegys\downloads\wormsim\model\release\worm.ipdb
c:\users\tom portegys\downloads\wormsim\model\release\worm.iobj
c:\users\tom portegys\downloads\wormsim\model\release\worm.pdb
c:\users\tom portegys\downloads\wormsim\model\release\worm.tlog\cl.command.1.tlog
c:\users\tom portegys\downloads\wormsim\model\release\worm.tlog\cl.read.1.tlog
c:\users\tom portegys\downloads\wormsim\model\release\worm.tlog\cl.write.1.tlog
c:\users\tom portegys\downloads\wormsim\model\release\worm.tlog\link.command.1.tlog
c:\users\tom portegys\downloads\wormsim\model\release\worm.tlog\link.read.1.tlog
c:\users\tom portegys\downloads\wormsim\model\release\worm.tlog\link.write.1.tlog
