This file contains any messages produced by compilers while
running configure, to aid debugging if configure makes a mistake.

It was created by SUNDIALS configure 2.3.0, which was
generated by GNU Autoconf 2.60.  Invocation command line was

  $ ./configure 

## --------- ##
## Platform. ##
## --------- ##

hostname = TOM-PC-3-2017
uname -m = x86_64
uname -r = 3.4.9-1.x86_64
uname -s = CYGWIN_NT-10.0-19045
uname -v = 2023-09-06 11:19 UTC

/usr/bin/uname -p = unknown
/bin/uname -X     = unknown

/bin/arch              = x86_64
/usr/bin/arch -k       = unknown
/usr/convex/getsysinfo = unknown
/usr/bin/hostinfo      = unknown
/bin/machine           = unknown
/usr/bin/oslevel       = unknown
/bin/universe          = unknown

PATH: /cygdrive/c/Users/TOMPOR~1/bin
PATH: /cygdrive/c/Anaconda3
PATH: /cygdrive/c/Anaconda3/Scripts
PATH: /usr/local/bin
PATH: /usr/bin
PATH: /cygdrive/c/WINDOWS/system32
PATH: /cygdrive/c/WINDOWS
PATH: /cygdrive/c/WINDOWS/System32/Wbem
PATH: /cygdrive/c/WINDOWS/System32/WindowsPowerShell/v1.0
PATH: /cygdrive/c/Program Files/Java/jdk1.8.0_121/bin
PATH: /cygdrive/c/Program Files/Git/cmd
PATH: /cygdrive/c/Program Files (x86)/Google/Cloud SDK/google-cloud-sdk/bin
PATH: /cygdrive/c/WINDOWS/System32/OpenSSH
PATH: /cygdrive/c/Program Files/TortoiseSVN/bin
PATH: /cygdrive/c/ProgramData/chocolatey/bin
PATH: /cygdrive/c/Users/Tom Portegys/.windows-build-tools/python27
PATH: /cygdrive/c/Users/Tom Portegys/AppData/Roaming/npm/node_modules/windows-build-tools/node_modules/.bin
PATH: /cygdrive/c/Users/Tom Portegys/AppData/Roaming/npm/node_modules/node_modules/.bin
PATH: /cygdrive/c/Users/Tom Portegys/AppData/Roaming/npm/node_modules/.bin
PATH: /cygdrive/c/Users/Tom Portegys/AppData/Roaming/node_modules/.bin
PATH: /cygdrive/c/Users/Tom Portegys/AppData/node_modules/.bin
PATH: /cygdrive/c/Users/Tom Portegys/node_modules/.bin
PATH: /cygdrive/c/Users/node_modules/.bin
PATH: /cygdrive/c/node_modules/.bin
PATH: /cygdrive/c/Program Files/nodejs/node_modules/npm/node_modules/@npmcli/run-script/lib/node-gyp-bin
PATH: /cygdrive/c/Users/TOMPOR~1/bin
PATH: /cygdrive/c/Anaconda3
PATH: /cygdrive/c/Anaconda3/Scripts
PATH: /usr/local/bin
PATH: /usr/bin
PATH: /cygdrive/c/Python310/Scripts
PATH: /cygdrive/c/Python310
PATH: /cygdrive/c/WINDOWS/system32
PATH: /cygdrive/c/WINDOWS
PATH: /cygdrive/c/WINDOWS/System32/Wbem
PATH: /cygdrive/c/WINDOWS/System32/WindowsPowerShell/v1.0
PATH: /cygdrive/c/Program Files/Java/jdk1.8.0_121/bin
PATH: /cygdrive/c/Program Files/Git/cmd
PATH: /cygdrive/c/Program Files (x86)/Google/Cloud SDK/google-cloud-sdk/bin
PATH: /cygdrive/c/WINDOWS/System32/OpenSSH
PATH: /cygdrive/c/Program Files/TortoiseSVN/bin
PATH: /cygdrive/c/ProgramData/chocolatey/bin
PATH: /cygdrive/c/Program Files/nodejs
PATH: /cygdrive/c/Anaconda3
PATH: /cygdrive/c/Anaconda3/Scripts
PATH: /cygdrive/c/Tcl/bin
PATH: /cygdrive/c/Users/Tom Portegys/AppData/Local/Microsoft/WindowsApps
PATH: /cygdrive/c/Users/Tom Portegys/AppData/Local/Microsoft/WindowsApps
PATH: /cygdrive/c/Program Files (x86)/Nmap
PATH: /usr/bin
PATH: /cygdrive/c/Users/TOMPOR~1/apache-maven-3.5.0/bin
PATH: /cygdrive/c/Users/TOMPOR~1/apache-maven-3.5.0/bin


## ----------- ##
## Core tests. ##
## ----------- ##

configure:2262: checking build system type
configure:2271: error: cannot guess build type; you must specify one

## ---------------- ##
## Cache variables. ##
## ---------------- ##

ac_cv_env_CCC_set=
ac_cv_env_CCC_value=
ac_cv_env_CC_set=
ac_cv_env_CC_value=
ac_cv_env_CFLAGS_set=
ac_cv_env_CFLAGS_value=
ac_cv_env_CPPFLAGS_set=
ac_cv_env_CPPFLAGS_value=
ac_cv_env_CPP_set=
ac_cv_env_CPP_value=
ac_cv_env_CXXCPP_set=
ac_cv_env_CXXCPP_value=
ac_cv_env_CXXFLAGS_set=
ac_cv_env_CXXFLAGS_value=
ac_cv_env_CXX_set=
ac_cv_env_CXX_value=
ac_cv_env_F77_set=
ac_cv_env_F77_value=
ac_cv_env_FFLAGS_set=
ac_cv_env_FFLAGS_value=
ac_cv_env_LDFLAGS_set=
ac_cv_env_LDFLAGS_value=
ac_cv_env_build_alias_set=
ac_cv_env_build_alias_value=
ac_cv_env_host_alias_set=
ac_cv_env_host_alias_value=
ac_cv_env_target_alias_set=
ac_cv_env_target_alias_value=

## ----------------- ##
## Output variables. ##
## ----------------- ##

AR=''
AS=''
CC=''
CFLAGS=''
CPP=''
CPPFLAGS=''
CXX=''
CXXCPP=''
CXXFLAGS=''
DEFS=''
DLLTOOL=''
ECHO='echo'
ECHO_C=''
ECHO_N='-n'
ECHO_T=''
EGREP=''
EXEEXT=''
EXS_INSTDIR=''
EXS_MODULES=''
F77=''
F77_CASE=''
F77_LNKR=''
F77_MANGLE_MACRO1=''
F77_MANGLE_MACRO2=''
F77_MPI_COMM_F2C=''
F77_UNDERSCORES=''
FCMIX_ENABLED=''
FFLAGS=''
FGREP=''
FLIBS=''
FLOAT_TYPE=''
GENERIC_MATH_LIB=''
GREP=''
INSTALL_DATA=''
INSTALL_PROGRAM=''
INSTALL_SCRIPT=''
LDFLAGS=''
LIBOBJS=''
LIBS=''
LIBTOOL=''
LIBTOOL_DEPS=''
LN_S=''
LTLIBOBJS=''
MATLAB_CMD=''
MATLAB_CMD_FLAGS=''
MEXEXT=''
MEXFLAGS=''
MEXLDADD=''
MEXOPTS=''
MPICC=''
MPICC_COMP=''
MPIF77=''
MPIF77_COMP=''
MPIF77_LNKR=''
MPI_FLAGS=''
MPI_INC_DIR=''
MPI_LIBS=''
MPI_LIB_DIR=''
OBJDUMP=''
OBJEXT=''
PACKAGE_BUGREPORT='radu@llnl.gov'
PACKAGE_NAME='SUNDIALS'
PACKAGE_STRING='SUNDIALS 2.3.0'
PACKAGE_TARNAME='sundials'
PACKAGE_VERSION='2.3.0'
PATH_SEPARATOR=':'
PRECISION_LEVEL=''
RANLIB=''
SET_MAKE=''
SHELL='/bin/sh'
SLV_MODULES=''
STB_INSTDIR=''
STB_MODULES=''
STB_OS=''
STB_PARALLEL_OK=''
STB_PATH=''
STRIP=''
ac_ct_CC=''
ac_ct_CXX=''
ac_ct_F77=''
bindir='${exec_prefix}/bin'
build=''
build_alias=''
build_cpu=''
build_os=''
build_vendor=''
datadir='${datarootdir}'
datarootdir='${prefix}/share'
docdir='${datarootdir}/doc/${PACKAGE_TARNAME}'
dvidir='${docdir}'
exec_prefix='NONE'
host=''
host_alias=''
host_cpu=''
host_os=''
host_vendor=''
htmldir='${docdir}'
includedir='${prefix}/include'
infodir='${datarootdir}/info'
libdir='${exec_prefix}/lib'
libexecdir='${exec_prefix}/libexec'
localedir='${datarootdir}/locale'
localstatedir='${prefix}/var'
mandir='${datarootdir}/man'
oldincludedir='/usr/include'
pdfdir='${docdir}'
prefix='NONE'
program_transform_name='s,x,x,'
psdir='${docdir}'
sbindir='${exec_prefix}/sbin'
sharedstatedir='${prefix}/com'
sysconfdir='${prefix}/etc'
target_alias=''

## ----------- ##
## confdefs.h. ##
## ----------- ##

#define PACKAGE_NAME "SUNDIALS"
#define PACKAGE_TARNAME "sundials"
#define PACKAGE_VERSION "2.3.0"
#define PACKAGE_STRING "SUNDIALS 2.3.0"
#define PACKAGE_BUGREPORT "radu@llnl.gov"

configure: exit 1
