c:\users\tom portegys\downloads\wormsim\model\x64\release\fnvector_serial.obj
c:\users\tom portegys\downloads\wormsim\model\x64\release\gettime.obj
c:\users\tom portegys\downloads\wormsim\model\x64\release\ida.obj
c:\users\tom portegys\downloads\wormsim\model\x64\release\ida_band.obj
c:\users\tom portegys\downloads\wormsim\model\x64\release\ida_bbdpre.obj
c:\users\tom portegys\downloads\wormsim\model\x64\release\ida_dense.obj
c:\users\tom portegys\downloads\wormsim\model\x64\release\ida_ic.obj
c:\users\tom portegys\downloads\wormsim\model\x64\release\ida_io.obj
c:\users\tom portegys\downloads\wormsim\model\x64\release\ida_spbcgs.obj
c:\users\tom portegys\downloads\wormsim\model\x64\release\ida_spgmr.obj
c:\users\tom portegys\downloads\wormsim\model\x64\release\ida_spils.obj
c:\users\tom portegys\downloads\wormsim\model\x64\release\ida_sptfqmr.obj
c:\users\tom portegys\downloads\wormsim\model\x64\release\main.obj
c:\users\tom portegys\downloads\wormsim\model\x64\release\nvector_serial.obj
c:\users\tom portegys\downloads\wormsim\model\x64\release\sundials_band.obj
c:\users\tom portegys\downloads\wormsim\model\x64\release\sundials_dense.obj
c:\users\tom portegys\downloads\wormsim\model\x64\release\sundials_iterative.obj
c:\users\tom portegys\downloads\wormsim\model\x64\release\sundials_math.obj
c:\users\tom portegys\downloads\wormsim\model\x64\release\sundials_nvector.obj
c:\users\tom portegys\downloads\wormsim\model\x64\release\sundials_smalldense.obj
c:\users\tom portegys\downloads\wormsim\model\x64\release\sundials_spbcgs.obj
c:\users\tom portegys\downloads\wormsim\model\x64\release\sundials_spgmr.obj
c:\users\tom portegys\downloads\wormsim\model\x64\release\sundials_sptfqmr.obj
c:\users\tom portegys\downloads\wormsim\model\x64\release\wormsim.obj
c:\users\tom portegys\downloads\wormsim\model\x64\release\worm.ipdb
c:\users\tom portegys\downloads\wormsim\model\x64\release\worm.iobj
c:\users\tom portegys\downloads\wormsim\model\x64\release\vc140.pdb
c:\users\tom portegys\downloads\wormsim\model\x64\release\worm.pdb
